<?xml version="1.0" encoding="UTF-8"?>
<!-- Generated by org.testng.reporters.JUnitReportReporter -->
<testsuite skipped="0" hostname="DESKTOP-3GRCN6M" name="restApiTestScripts.PutMethod" tests="1" failures="0" timestamp="2020-12-07T14:58:13 IST" time="4.640" errors="0">
  <testcase name="PutMethodDemo" time="4.640" classname="restApiTestScripts.PutMethod"/>
  <system-out/>
</testsuite> <!-- restApiTestScripts.PutMethod -->
