<?xml version="1.0" encoding="UTF-8"?>
<!-- Generated by org.testng.reporters.JUnitReportReporter -->
<testsuite hostname="DESKTOP-3GRCN6M" failures="0" tests="1" name="bestBuyAPITestScripts.GetProductNameDescription" time="2.481" errors="0" timestamp="2021-01-22T14:03:31 IST" skipped="0">
  <testcase classname="bestBuyAPITestScripts.GetProductNameDescription" name="GetProductNameAndDescription" time="2.481"/>
  <system-out/>
</testsuite> <!-- bestBuyAPITestScripts.GetProductNameDescription -->
