<?xml version="1.0" encoding="UTF-8"?>
<!-- Generated by org.testng.reporters.JUnitReportReporter -->
<testsuite skipped="0" hostname="DESKTOP-3GRCN6M" name="restApiTestScripts.DeleteMethod" tests="1" failures="0" timestamp="2020-12-07T21:51:37 IST" time="3.871" errors="0">
  <testcase name="DeleteDemo" time="3.871" classname="restApiTestScripts.DeleteMethod"/>
  <system-out/>
</testsuite> <!-- restApiTestScripts.DeleteMethod -->
