<?xml version="1.0" encoding="UTF-8"?>
<!-- Generated by org.testng.reporters.JUnitReportReporter -->
<testsuite hostname="DESKTOP-3GRCN6M" failures="0" tests="1" name="bestBuyAPITestScripts.PostProduct" time="2.449" errors="0" timestamp="2021-01-22T13:35:53 IST" skipped="0">
  <testcase classname="bestBuyAPITestScripts.PostProduct" name="CreateProduct" time="2.449"/>
  <system-out/>
</testsuite> <!-- bestBuyAPITestScripts.PostProduct -->
