<?xml version="1.0" encoding="UTF-8"?>
<!-- Generated by org.testng.reporters.JUnitReportReporter -->
<testsuite skipped="0" hostname="DESKTOP-3GRCN6M" name="restApiTestScripts.GetMethod" tests="1" failures="0" timestamp="2020-12-06T21:37:59 IST" time="4.426" errors="0">
  <testcase name="GetAPIDemo" time="4.426" classname="restApiTestScripts.GetMethod"/>
  <system-out/>
</testsuite> <!-- restApiTestScripts.GetMethod -->
