<?xml version="1.0" encoding="UTF-8"?>
<!-- Generated by org.testng.reporters.JUnitReportReporter -->
<testsuite hostname="DESKTOP-3GRCN6M" failures="0" tests="1" name="bestBuyAPITestScripts.GetProduct" time="2.597" errors="0" timestamp="2021-01-22T12:06:55 IST" skipped="0">
  <testcase classname="bestBuyAPITestScripts.GetProduct" name="RetrieveProducts" time="2.597"/>
  <system-out/>
</testsuite> <!-- bestBuyAPITestScripts.GetProduct -->
